Determining if files io.h exist failed with the following output:
Change Dir: /home/ubuntu/W4GROMACSPIPE/Gromacs_Head/Gromacs_Base/gromacs-2024.1/build/CMakeFiles/CMakeTmp

Run Build Command(s):/usr/bin/gmake -f Makefile cmTC_1d8f0/fast && /usr/bin/gmake  -f CMakeFiles/cmTC_1d8f0.dir/build.make CMakeFiles/cmTC_1d8f0.dir/build
gmake[1]: Entering directory '/home/ubuntu/W4GROMACSPIPE/Gromacs_Head/Gromacs_Base/gromacs-2024.1/build/CMakeFiles/CMakeTmp'
Building C object CMakeFiles/cmTC_1d8f0.dir/HAVE_IO_H.c.o
/usr/bin/cc    -o CMakeFiles/cmTC_1d8f0.dir/HAVE_IO_H.c.o -c /home/ubuntu/W4GROMACSPIPE/Gromacs_Head/Gromacs_Base/gromacs-2024.1/build/CMakeFiles/CheckIncludeFiles/HAVE_IO_H.c
/home/ubuntu/W4GROMACSPIPE/Gromacs_Head/Gromacs_Base/gromacs-2024.1/build/CMakeFiles/CheckIncludeFiles/HAVE_IO_H.c:2:10: fatal error: io.h: No such file or directory
    2 | #include <io.h>
      |          ^~~~~~
compilation terminated.
gmake[1]: *** [CMakeFiles/cmTC_1d8f0.dir/build.make:78: CMakeFiles/cmTC_1d8f0.dir/HAVE_IO_H.c.o] Error 1
gmake[1]: Leaving directory '/home/ubuntu/W4GROMACSPIPE/Gromacs_Head/Gromacs_Base/gromacs-2024.1/build/CMakeFiles/CMakeTmp'
gmake: *** [Makefile:127: cmTC_1d8f0/fast] Error 2


Source:
/* */
#include <io.h>


int main(void){return 0;}

Determining if the _fileno exist failed with the following output:
Change Dir: /home/ubuntu/W4GROMACSPIPE/Gromacs_Head/Gromacs_Base/gromacs-2024.1/build/CMakeFiles/CMakeTmp

Run Build Command(s):/usr/bin/gmake -f Makefile cmTC_1306d/fast && /usr/bin/gmake  -f CMakeFiles/cmTC_1306d.dir/build.make CMakeFiles/cmTC_1306d.dir/build
gmake[1]: Entering directory '/home/ubuntu/W4GROMACSPIPE/Gromacs_Head/Gromacs_Base/gromacs-2024.1/build/CMakeFiles/CMakeTmp'
Building CXX object CMakeFiles/cmTC_1306d.dir/CheckSymbolExists.cxx.o
/usr/bin/c++   -std=c++17 -o CMakeFiles/cmTC_1306d.dir/CheckSymbolExists.cxx.o -c /home/ubuntu/W4GROMACSPIPE/Gromacs_Head/Gromacs_Base/gromacs-2024.1/build/CMakeFiles/CMakeTmp/CheckSymbolExists.cxx
/home/ubuntu/W4GROMACSPIPE/Gromacs_Head/Gromacs_Base/gromacs-2024.1/build/CMakeFiles/CMakeTmp/CheckSymbolExists.cxx: In function ‘int main(int, char**)’:
/home/ubuntu/W4GROMACSPIPE/Gromacs_Head/Gromacs_Base/gromacs-2024.1/build/CMakeFiles/CMakeTmp/CheckSymbolExists.cxx:8:19: error: ‘_fileno’ was not declared in this scope; did you mean ‘fileno’?
    8 |   return ((int*)(&_fileno))[argc];
      |                   ^~~~~~~
      |                   fileno
gmake[1]: *** [CMakeFiles/cmTC_1306d.dir/build.make:78: CMakeFiles/cmTC_1306d.dir/CheckSymbolExists.cxx.o] Error 1
gmake[1]: Leaving directory '/home/ubuntu/W4GROMACSPIPE/Gromacs_Head/Gromacs_Base/gromacs-2024.1/build/CMakeFiles/CMakeTmp'
gmake: *** [Makefile:127: cmTC_1306d/fast] Error 2


File /home/ubuntu/W4GROMACSPIPE/Gromacs_Head/Gromacs_Base/gromacs-2024.1/build/CMakeFiles/CMakeTmp/CheckSymbolExists.cxx:
/* */
#include <stdio.h>

int main(int argc, char** argv)
{
  (void)argv;
#ifndef _fileno
  return ((int*)(&_fileno))[argc];
#else
  (void)argc;
  return 0;
#endif
}
Determining if the _commit exist failed with the following output:
Change Dir: /home/ubuntu/W4GROMACSPIPE/Gromacs_Head/Gromacs_Base/gromacs-2024.1/build/CMakeFiles/CMakeTmp

Run Build Command(s):/usr/bin/gmake -f Makefile cmTC_83050/fast && /usr/bin/gmake  -f CMakeFiles/cmTC_83050.dir/build.make CMakeFiles/cmTC_83050.dir/build
gmake[1]: Entering directory '/home/ubuntu/W4GROMACSPIPE/Gromacs_Head/Gromacs_Base/gromacs-2024.1/build/CMakeFiles/CMakeTmp'
Building CXX object CMakeFiles/cmTC_83050.dir/CheckSymbolExists.cxx.o
/usr/bin/c++   -std=c++17 -o CMakeFiles/cmTC_83050.dir/CheckSymbolExists.cxx.o -c /home/ubuntu/W4GROMACSPIPE/Gromacs_Head/Gromacs_Base/gromacs-2024.1/build/CMakeFiles/CMakeTmp/CheckSymbolExists.cxx
/home/ubuntu/W4GROMACSPIPE/Gromacs_Head/Gromacs_Base/gromacs-2024.1/build/CMakeFiles/CMakeTmp/CheckSymbolExists.cxx:2:10: fatal error: io.h: No such file or directory
    2 | #include <io.h>
      |          ^~~~~~
compilation terminated.
gmake[1]: *** [CMakeFiles/cmTC_83050.dir/build.make:78: CMakeFiles/cmTC_83050.dir/CheckSymbolExists.cxx.o] Error 1
gmake[1]: Leaving directory '/home/ubuntu/W4GROMACSPIPE/Gromacs_Head/Gromacs_Base/gromacs-2024.1/build/CMakeFiles/CMakeTmp'
gmake: *** [Makefile:127: cmTC_83050/fast] Error 2


File /home/ubuntu/W4GROMACSPIPE/Gromacs_Head/Gromacs_Base/gromacs-2024.1/build/CMakeFiles/CMakeTmp/CheckSymbolExists.cxx:
/* */
#include <io.h>

int main(int argc, char** argv)
{
  (void)argv;
#ifndef _commit
  return ((int*)(&_commit))[argc];
#else
  (void)argc;
  return 0;
#endif
}
Determining if the memalign exist failed with the following output:
Change Dir: /home/ubuntu/W4GROMACSPIPE/Gromacs_Head/Gromacs_Base/gromacs-2024.1/build/CMakeFiles/CMakeTmp

Run Build Command(s):/usr/bin/gmake -f Makefile cmTC_fc05b/fast && /usr/bin/gmake  -f CMakeFiles/cmTC_fc05b.dir/build.make CMakeFiles/cmTC_fc05b.dir/build
gmake[1]: Entering directory '/home/ubuntu/W4GROMACSPIPE/Gromacs_Head/Gromacs_Base/gromacs-2024.1/build/CMakeFiles/CMakeTmp'
Building CXX object CMakeFiles/cmTC_fc05b.dir/CheckSymbolExists.cxx.o
/usr/bin/c++   -std=c++17 -o CMakeFiles/cmTC_fc05b.dir/CheckSymbolExists.cxx.o -c /home/ubuntu/W4GROMACSPIPE/Gromacs_Head/Gromacs_Base/gromacs-2024.1/build/CMakeFiles/CMakeTmp/CheckSymbolExists.cxx
/home/ubuntu/W4GROMACSPIPE/Gromacs_Head/Gromacs_Base/gromacs-2024.1/build/CMakeFiles/CMakeTmp/CheckSymbolExists.cxx: In function ‘int main(int, char**)’:
/home/ubuntu/W4GROMACSPIPE/Gromacs_Head/Gromacs_Base/gromacs-2024.1/build/CMakeFiles/CMakeTmp/CheckSymbolExists.cxx:8:19: error: ‘memalign’ was not declared in this scope
    8 |   return ((int*)(&memalign))[argc];
      |                   ^~~~~~~~
gmake[1]: *** [CMakeFiles/cmTC_fc05b.dir/build.make:78: CMakeFiles/cmTC_fc05b.dir/CheckSymbolExists.cxx.o] Error 1
gmake[1]: Leaving directory '/home/ubuntu/W4GROMACSPIPE/Gromacs_Head/Gromacs_Base/gromacs-2024.1/build/CMakeFiles/CMakeTmp'
gmake: *** [Makefile:127: cmTC_fc05b/fast] Error 2


File /home/ubuntu/W4GROMACSPIPE/Gromacs_Head/Gromacs_Base/gromacs-2024.1/build/CMakeFiles/CMakeTmp/CheckSymbolExists.cxx:
/* */
#include <stdlib.h>

int main(int argc, char** argv)
{
  (void)argv;
#ifndef memalign
  return ((int*)(&memalign))[argc];
#else
  (void)argc;
  return 0;
#endif
}
Performing C SOURCE FILE Test C_xCORE_AVX512_qopt_zmm_usage_high_FLAG_ACCEPTED failed with the following output:
Change Dir: /home/ubuntu/W4GROMACSPIPE/Gromacs_Head/Gromacs_Base/gromacs-2024.1/build/CMakeFiles/CMakeTmp

Run Build Command(s):/usr/bin/gmake -f Makefile cmTC_7ac04/fast && /usr/bin/gmake  -f CMakeFiles/cmTC_7ac04.dir/build.make CMakeFiles/cmTC_7ac04.dir/build
gmake[1]: Entering directory '/home/ubuntu/W4GROMACSPIPE/Gromacs_Head/Gromacs_Base/gromacs-2024.1/build/CMakeFiles/CMakeTmp'
Building C object CMakeFiles/cmTC_7ac04.dir/src.c.o
/usr/bin/cc -DC_xCORE_AVX512_qopt_zmm_usage_high_FLAG_ACCEPTED  -xCORE-AVX512 -qopt-zmm-usage=high -o CMakeFiles/cmTC_7ac04.dir/src.c.o -c /home/ubuntu/W4GROMACSPIPE/Gromacs_Head/Gromacs_Base/gromacs-2024.1/build/CMakeFiles/CMakeTmp/src.c
cc: error: unrecognized command-line option '-qopt-zmm-usage=high'
gmake[1]: *** [CMakeFiles/cmTC_7ac04.dir/build.make:78: CMakeFiles/cmTC_7ac04.dir/src.c.o] Error 1
gmake[1]: Leaving directory '/home/ubuntu/W4GROMACSPIPE/Gromacs_Head/Gromacs_Base/gromacs-2024.1/build/CMakeFiles/CMakeTmp'
gmake: *** [Makefile:127: cmTC_7ac04/fast] Error 2


Source file was:
int main(void) { return 0; }
Performing C SOURCE FILE Test C_xCORE_AVX512_FLAG_ACCEPTED failed with the following output:
Change Dir: /home/ubuntu/W4GROMACSPIPE/Gromacs_Head/Gromacs_Base/gromacs-2024.1/build/CMakeFiles/CMakeTmp

Run Build Command(s):/usr/bin/gmake -f Makefile cmTC_2fd8c/fast && /usr/bin/gmake  -f CMakeFiles/cmTC_2fd8c.dir/build.make CMakeFiles/cmTC_2fd8c.dir/build
gmake[1]: Entering directory '/home/ubuntu/W4GROMACSPIPE/Gromacs_Head/Gromacs_Base/gromacs-2024.1/build/CMakeFiles/CMakeTmp'
Building C object CMakeFiles/cmTC_2fd8c.dir/src.c.o
/usr/bin/cc -DC_xCORE_AVX512_FLAG_ACCEPTED  -xCORE-AVX512 -o CMakeFiles/cmTC_2fd8c.dir/src.c.o -c /home/ubuntu/W4GROMACSPIPE/Gromacs_Head/Gromacs_Base/gromacs-2024.1/build/CMakeFiles/CMakeTmp/src.c
cc: error: language CORE-AVX512 not recognized
cc: error: language CORE-AVX512 not recognized
gmake[1]: *** [CMakeFiles/cmTC_2fd8c.dir/build.make:78: CMakeFiles/cmTC_2fd8c.dir/src.c.o] Error 1
gmake[1]: Leaving directory '/home/ubuntu/W4GROMACSPIPE/Gromacs_Head/Gromacs_Base/gromacs-2024.1/build/CMakeFiles/CMakeTmp'
gmake: *** [Makefile:127: cmTC_2fd8c/fast] Error 2


Source file was:
int main(void) { return 0; }
Performing C++ SOURCE FILE Test CXX_xCORE_AVX512_qopt_zmm_usage_high_FLAG_ACCEPTED failed with the following output:
Change Dir: /home/ubuntu/W4GROMACSPIPE/Gromacs_Head/Gromacs_Base/gromacs-2024.1/build/CMakeFiles/CMakeTmp

Run Build Command(s):/usr/bin/gmake -f Makefile cmTC_eb684/fast && /usr/bin/gmake  -f CMakeFiles/cmTC_eb684.dir/build.make CMakeFiles/cmTC_eb684.dir/build
gmake[1]: Entering directory '/home/ubuntu/W4GROMACSPIPE/Gromacs_Head/Gromacs_Base/gromacs-2024.1/build/CMakeFiles/CMakeTmp'
Building CXX object CMakeFiles/cmTC_eb684.dir/src.cxx.o
/usr/bin/c++ -DCXX_xCORE_AVX512_qopt_zmm_usage_high_FLAG_ACCEPTED  -xCORE-AVX512 -qopt-zmm-usage=high -std=c++17 -o CMakeFiles/cmTC_eb684.dir/src.cxx.o -c /home/ubuntu/W4GROMACSPIPE/Gromacs_Head/Gromacs_Base/gromacs-2024.1/build/CMakeFiles/CMakeTmp/src.cxx
c++: error: unrecognized command-line option '-qopt-zmm-usage=high'
gmake[1]: *** [CMakeFiles/cmTC_eb684.dir/build.make:78: CMakeFiles/cmTC_eb684.dir/src.cxx.o] Error 1
gmake[1]: Leaving directory '/home/ubuntu/W4GROMACSPIPE/Gromacs_Head/Gromacs_Base/gromacs-2024.1/build/CMakeFiles/CMakeTmp'
gmake: *** [Makefile:127: cmTC_eb684/fast] Error 2


Source file was:
int main() { return 0; }
Performing C++ SOURCE FILE Test CXX_xCORE_AVX512_FLAG_ACCEPTED failed with the following output:
Change Dir: /home/ubuntu/W4GROMACSPIPE/Gromacs_Head/Gromacs_Base/gromacs-2024.1/build/CMakeFiles/CMakeTmp

Run Build Command(s):/usr/bin/gmake -f Makefile cmTC_83ea6/fast && /usr/bin/gmake  -f CMakeFiles/cmTC_83ea6.dir/build.make CMakeFiles/cmTC_83ea6.dir/build
gmake[1]: Entering directory '/home/ubuntu/W4GROMACSPIPE/Gromacs_Head/Gromacs_Base/gromacs-2024.1/build/CMakeFiles/CMakeTmp'
Building CXX object CMakeFiles/cmTC_83ea6.dir/src.cxx.o
/usr/bin/c++ -DCXX_xCORE_AVX512_FLAG_ACCEPTED  -xCORE-AVX512 -std=c++17 -o CMakeFiles/cmTC_83ea6.dir/src.cxx.o -c /home/ubuntu/W4GROMACSPIPE/Gromacs_Head/Gromacs_Base/gromacs-2024.1/build/CMakeFiles/CMakeTmp/src.cxx
c++: error: language CORE-AVX512 not recognized
c++: error: language CORE-AVX512 not recognized
gmake[1]: *** [CMakeFiles/cmTC_83ea6.dir/build.make:78: CMakeFiles/cmTC_83ea6.dir/src.cxx.o] Error 1
gmake[1]: Leaving directory '/home/ubuntu/W4GROMACSPIPE/Gromacs_Head/Gromacs_Base/gromacs-2024.1/build/CMakeFiles/CMakeTmp'
gmake: *** [Makefile:127: cmTC_83ea6/fast] Error 2


Source file was:
int main() { return 0; }
Performing C++ SOURCE FILE Test _callconv___vectorcall failed with the following output:
Change Dir: /home/ubuntu/W4GROMACSPIPE/Gromacs_Head/Gromacs_Base/gromacs-2024.1/build/CMakeFiles/CMakeTmp

Run Build Command(s):/usr/bin/gmake -f Makefile cmTC_d9dc5/fast && /usr/bin/gmake  -f CMakeFiles/cmTC_d9dc5.dir/build.make CMakeFiles/cmTC_d9dc5.dir/build
gmake[1]: Entering directory '/home/ubuntu/W4GROMACSPIPE/Gromacs_Head/Gromacs_Base/gromacs-2024.1/build/CMakeFiles/CMakeTmp'
Building CXX object CMakeFiles/cmTC_d9dc5.dir/src.cxx.o
/usr/bin/c++ -D_callconv___vectorcall  -std=c++17 -o CMakeFiles/cmTC_d9dc5.dir/src.cxx.o -c /home/ubuntu/W4GROMACSPIPE/Gromacs_Head/Gromacs_Base/gromacs-2024.1/build/CMakeFiles/CMakeTmp/src.cxx
/home/ubuntu/W4GROMACSPIPE/Gromacs_Head/Gromacs_Base/gromacs-2024.1/build/CMakeFiles/CMakeTmp/src.cxx:3:18: error: expected initializer before ‘f’
    3 | int __vectorcall f(int i) {return i;} int main(void) {return f(0);}
      |                  ^
/home/ubuntu/W4GROMACSPIPE/Gromacs_Head/Gromacs_Base/gromacs-2024.1/build/CMakeFiles/CMakeTmp/src.cxx: In function ‘int main()’:
/home/ubuntu/W4GROMACSPIPE/Gromacs_Head/Gromacs_Base/gromacs-2024.1/build/CMakeFiles/CMakeTmp/src.cxx:3:62: error: ‘f’ was not declared in this scope
    3 | int __vectorcall f(int i) {return i;} int main(void) {return f(0);}
      |                                                              ^
gmake[1]: *** [CMakeFiles/cmTC_d9dc5.dir/build.make:78: CMakeFiles/cmTC_d9dc5.dir/src.cxx.o] Error 1
gmake[1]: Leaving directory '/home/ubuntu/W4GROMACSPIPE/Gromacs_Head/Gromacs_Base/gromacs-2024.1/build/CMakeFiles/CMakeTmp'
gmake: *** [Makefile:127: cmTC_d9dc5/fast] Error 2


Source file was:

#pragma GCC diagnostic error "-Wignored-attributes"
int __vectorcall f(int i) {return i;} int main(void) {return f(0);}

Performing C++ SOURCE FILE Test _callconv___regcall failed with the following output:
Change Dir: /home/ubuntu/W4GROMACSPIPE/Gromacs_Head/Gromacs_Base/gromacs-2024.1/build/CMakeFiles/CMakeTmp

Run Build Command(s):/usr/bin/gmake -f Makefile cmTC_74a10/fast && /usr/bin/gmake  -f CMakeFiles/cmTC_74a10.dir/build.make CMakeFiles/cmTC_74a10.dir/build
gmake[1]: Entering directory '/home/ubuntu/W4GROMACSPIPE/Gromacs_Head/Gromacs_Base/gromacs-2024.1/build/CMakeFiles/CMakeTmp'
Building CXX object CMakeFiles/cmTC_74a10.dir/src.cxx.o
/usr/bin/c++ -D_callconv___regcall  -std=c++17 -o CMakeFiles/cmTC_74a10.dir/src.cxx.o -c /home/ubuntu/W4GROMACSPIPE/Gromacs_Head/Gromacs_Base/gromacs-2024.1/build/CMakeFiles/CMakeTmp/src.cxx
/home/ubuntu/W4GROMACSPIPE/Gromacs_Head/Gromacs_Base/gromacs-2024.1/build/CMakeFiles/CMakeTmp/src.cxx:3:15: error: expected initializer before ‘f’
    3 | int __regcall f(int i) {return i;} int main(void) {return f(0);}
      |               ^
/home/ubuntu/W4GROMACSPIPE/Gromacs_Head/Gromacs_Base/gromacs-2024.1/build/CMakeFiles/CMakeTmp/src.cxx: In function ‘int main()’:
/home/ubuntu/W4GROMACSPIPE/Gromacs_Head/Gromacs_Base/gromacs-2024.1/build/CMakeFiles/CMakeTmp/src.cxx:3:59: error: ‘f’ was not declared in this scope
    3 | int __regcall f(int i) {return i;} int main(void) {return f(0);}
      |                                                           ^
gmake[1]: *** [CMakeFiles/cmTC_74a10.dir/build.make:78: CMakeFiles/cmTC_74a10.dir/src.cxx.o] Error 1
gmake[1]: Leaving directory '/home/ubuntu/W4GROMACSPIPE/Gromacs_Head/Gromacs_Base/gromacs-2024.1/build/CMakeFiles/CMakeTmp'
gmake: *** [Makefile:127: cmTC_74a10/fast] Error 2


Source file was:

#pragma GCC diagnostic error "-Wignored-attributes"
int __regcall f(int i) {return i;} int main(void) {return f(0);}

Determining if the function sgemm_ exists failed with the following output:
Change Dir: /home/ubuntu/W4GROMACSPIPE/Gromacs_Head/Gromacs_Base/gromacs-2024.1/build/CMakeFiles/CMakeTmp

Run Build Command(s):/usr/bin/gmake -f Makefile cmTC_f781d/fast && /usr/bin/gmake  -f CMakeFiles/cmTC_f781d.dir/build.make CMakeFiles/cmTC_f781d.dir/build
gmake[1]: Entering directory '/home/ubuntu/W4GROMACSPIPE/Gromacs_Head/Gromacs_Base/gromacs-2024.1/build/CMakeFiles/CMakeTmp'
Building C object CMakeFiles/cmTC_f781d.dir/CheckFunctionExists.c.o
/usr/bin/cc   -DCHECK_FUNCTION_EXISTS=sgemm_ -o CMakeFiles/cmTC_f781d.dir/CheckFunctionExists.c.o -c /usr/share/cmake-3.22/Modules/CheckFunctionExists.c
Linking C executable cmTC_f781d
/usr/bin/cmake -E cmake_link_script CMakeFiles/cmTC_f781d.dir/link.txt --verbose=1
/usr/bin/cc  -DCHECK_FUNCTION_EXISTS=sgemm_ CMakeFiles/cmTC_f781d.dir/CheckFunctionExists.c.o -o cmTC_f781d 
/usr/bin/ld: CMakeFiles/cmTC_f781d.dir/CheckFunctionExists.c.o: in function `main':
CheckFunctionExists.c:(.text+0x14): undefined reference to `sgemm_'
collect2: error: ld returned 1 exit status
gmake[1]: *** [CMakeFiles/cmTC_f781d.dir/build.make:99: cmTC_f781d] Error 1
gmake[1]: Leaving directory '/home/ubuntu/W4GROMACSPIPE/Gromacs_Head/Gromacs_Base/gromacs-2024.1/build/CMakeFiles/CMakeTmp'
gmake: *** [Makefile:127: cmTC_f781d/fast] Error 2



Performing C++ SOURCE FILE Test HAS_WARNING_EVERYTHING failed with the following output:
Change Dir: /home/ubuntu/W4GROMACSPIPE/Gromacs_Head/Gromacs_Base/gromacs-2024.1/build/CMakeFiles/CMakeTmp

Run Build Command(s):/usr/bin/gmake -f Makefile cmTC_506b9/fast && /usr/bin/gmake  -f CMakeFiles/cmTC_506b9.dir/build.make CMakeFiles/cmTC_506b9.dir/build
gmake[1]: Entering directory '/home/ubuntu/W4GROMACSPIPE/Gromacs_Head/Gromacs_Base/gromacs-2024.1/build/CMakeFiles/CMakeTmp'
Building CXX object CMakeFiles/cmTC_506b9.dir/src.cxx.o
/usr/bin/c++ -DHAS_WARNING_EVERYTHING  -Weverything -std=c++17 -o CMakeFiles/cmTC_506b9.dir/src.cxx.o -c /home/ubuntu/W4GROMACSPIPE/Gromacs_Head/Gromacs_Base/gromacs-2024.1/build/CMakeFiles/CMakeTmp/src.cxx
c++: error: unrecognized command-line option '-Weverything'
gmake[1]: *** [CMakeFiles/cmTC_506b9.dir/build.make:78: CMakeFiles/cmTC_506b9.dir/src.cxx.o] Error 1
gmake[1]: Leaving directory '/home/ubuntu/W4GROMACSPIPE/Gromacs_Head/Gromacs_Base/gromacs-2024.1/build/CMakeFiles/CMakeTmp'
gmake: *** [Makefile:127: cmTC_506b9/fast] Error 2


Source file was:
int main() { return 0; }
The MPI test test_mpi for CXX in mode normal failed to compile with the following output:
Change Dir: /home/ubuntu/W4GROMACSPIPE/Gromacs_Head/Gromacs_Base/gromacs-2024.1/build/CMakeFiles/CMakeTmp

Run Build Command(s):/usr/bin/gmake -f Makefile cmTC_acc3f/fast && gmake[1]: Entering directory '/home/ubuntu/W4GROMACSPIPE/Gromacs_Head/Gromacs_Base/gromacs-2024.1/build/CMakeFiles/CMakeTmp'
/usr/bin/gmake  -f CMakeFiles/cmTC_acc3f.dir/build.make CMakeFiles/cmTC_acc3f.dir/build
gmake[2]: Entering directory '/home/ubuntu/W4GROMACSPIPE/Gromacs_Head/Gromacs_Base/gromacs-2024.1/build/CMakeFiles/CMakeTmp'
Building CXX object CMakeFiles/cmTC_acc3f.dir/test_mpi.cpp.o
/usr/bin/c++   -std=c++17 -o CMakeFiles/cmTC_acc3f.dir/test_mpi.cpp.o -c /home/ubuntu/W4GROMACSPIPE/Gromacs_Head/Gromacs_Base/gromacs-2024.1/build/CMakeFiles/FindMPI/test_mpi.cpp
/home/ubuntu/W4GROMACSPIPE/Gromacs_Head/Gromacs_Base/gromacs-2024.1/build/CMakeFiles/FindMPI/test_mpi.cpp:1:10: fatal error: mpi.h: No such file or directory
    1 | #include <mpi.h>
      |          ^~~~~~~
compilation terminated.
gmake[2]: *** [CMakeFiles/cmTC_acc3f.dir/build.make:78: CMakeFiles/cmTC_acc3f.dir/test_mpi.cpp.o] Error 1
gmake[2]: Leaving directory '/home/ubuntu/W4GROMACSPIPE/Gromacs_Head/Gromacs_Base/gromacs-2024.1/build/CMakeFiles/CMakeTmp'
gmake[1]: *** [Makefile:127: cmTC_acc3f/fast] Error 2
gmake[1]: Leaving directory '/home/ubuntu/W4GROMACSPIPE/Gromacs_Head/Gromacs_Base/gromacs-2024.1/build/CMakeFiles/CMakeTmp'



